<?xml version="1.0" encoding="UTF-8"?><testsuites time="0.908"><testsuite name="Acceptance Test" tests="5" failures="0" errors="0" time="0.908" timestamp="2014-04-03T03:17:10.512Z" package="test/casper/user-test"><testcase name="Signup page is accessible" classname="test/casper/user-test" time="0.157"></testcase><testcase name="Inputs are present" classname="test/casper/user-test" time="0.022"></testcase><testcase name="App object is present" classname="test/casper/user-test" time="0.685"></testcase><testcase name="User made it to main page" classname="test/casper/user-test" time="0.021"></testcase><testcase name="Feed is generated" classname="test/casper/user-test" time="0.023"></testcase><system-out></system-out></testsuite></testsuites>